<?xml version="1.0" encoding="UTF-8"?>
<testsuite xmlns:xsi="http://www.w3.org/2001/XMLSchema-instance" xsi:noNamespaceSchemaLocation="https://maven.apache.org/surefire/maven-surefire-plugin/xsd/surefire-test-report-3.0.xsd" version="3.0" name="Calculadora.CalculadoraTest" time="0.03" tests="4" errors="0" skipped="0" failures="0">
  <properties>
[...]
</properties>
  <testcase name="testResta" classname="Calculadora.CalculadoraTest" time="0.014">
    <system-out><![CDATA[resta
resultado 4
]]></system-out>
  </testcase>
  <testcase name="testSuma" classname="Calculadora.CalculadoraTest" time="0.001">
    <system-out><![CDATA[sumamiento
resultado 14
]]></system-out>
  </testcase>
  <testcase name="testMultiplicar" classname="Calculadora.CalculadoraTest" time="0">
    <system-out><![CDATA[multiplicar
resultado 45
]]></system-out>
  </testcase>
  <testcase name="testDividir" classname="Calculadora.CalculadoraTest" time="0.002">
    <system-out><![CDATA[dividir
resultado 1.8
]]></system-out>
  </testcase>
</testsuite>